<?xml version="1.0" encoding="UTF-8"?>
<!-- Generated by org.testng.reporters.JUnitReportReporter -->
<testsuite skipped="0" hostname="APL-40Y41B3" name="com.herokuapp.theinternet.PositiveTests" tests="1" failures="0" timestamp="21 Jul 2021 05:45:38 GMT" time="25.563" errors="0">
  <testcase name="logInTest" time="25.563" classname="com.herokuapp.theinternet.PositiveTests"/>
</testsuite> <!-- com.herokuapp.theinternet.PositiveTests -->
